<?xml version="1.0" encoding="UTF-8"?>
<testng-results ignored="0" total="1" passed="1" failed="0" skipped="0">
  <reporter-output>
  </reporter-output>
  <suite started-at="2024-11-19T18:03:21 IST" name="Default suite" finished-at="2024-11-19T18:03:33 IST" duration-ms="11882">
    <groups>
    </groups>
    <test started-at="2024-11-19T18:03:21 IST" name="Default test" finished-at="2024-11-19T18:03:33 IST" duration-ms="11882">
      <class name="base_Utility_Class.Test_Class">
        <test-method is-config="true" signature="Initialization()[pri:0, instance:base_Utility_Class.Test_Class@1e1a0406]" started-at="2024-11-19T18:03:22 IST" name="Initialization" finished-at="2024-11-19T18:03:27 IST" duration-ms="5240" status="PASS">
          <reporter-output>
          </reporter-output>
        </test-method> <!-- Initialization -->
        <test-method is-config="true" signature="LogIn()[pri:0, instance:base_Utility_Class.Test_Class@1e1a0406]" started-at="2024-11-19T18:03:27 IST" name="LogIn" finished-at="2024-11-19T18:03:29 IST" duration-ms="2626" status="PASS">
          <reporter-output>
          </reporter-output>
        </test-method> <!-- LogIn -->
        <test-method signature="VerifyError()[pri:0, instance:base_Utility_Class.Test_Class@1e1a0406]" started-at="2024-11-19T18:03:29 IST" name="VerifyError" finished-at="2024-11-19T18:03:33 IST" duration-ms="3545" status="PASS">
          <reporter-output>
          </reporter-output>
        </test-method> <!-- VerifyError -->
        <test-method is-config="true" signature="CloseBrowser(org.testng.ITestResult)[pri:0, instance:base_Utility_Class.Test_Class@1e1a0406]" started-at="2024-11-19T18:03:33 IST" name="CloseBrowser" finished-at="2024-11-19T18:03:33 IST" duration-ms="396" status="PASS">
          <params>
            <param index="0">
              <value>
                <![CDATA[[TestResult name=VerifyError status=SUCCESS method=Test_Class.VerifyError()[pri:0, instance:base_Utility_Class.Test_Class@1e1a0406] output={null}]]]>
              </value>
            </param>
          </params>
          <reporter-output>
          </reporter-output>
        </test-method> <!-- CloseBrowser -->
      </class> <!-- base_Utility_Class.Test_Class -->
    </test> <!-- Default test -->
  </suite> <!-- Default suite -->
</testng-results>
